This is TeX, Version 3.14159 (C version 6.1) (format=latex 97.2.28)  10 FEB 1998 12:08
**images.tex
(images.tex
LaTeX2e <1996/12/01>

(/usr/local/lib/texmf/tex/latex2e/base/article.cls
Document Class: article 1996/10/31 v1.3u Standard LaTeX document class
(/usr/local/lib/texmf/tex/latex2e/base/size11.clo
File: size11.clo 1996/10/31 v1.3u Standard LaTeX file (size option)
)
\c@part=\count79
\c@section=\count80
\c@subsection=\count81
\c@subsubsection=\count82
\c@paragraph=\count83
\c@subparagraph=\count84
\c@figure=\count85
\c@table=\count86
\abovecaptionskip=\skip41
\belowcaptionskip=\skip42
\bibindent=\dimen102
) (/usr/local/lib/texmf/tex/misc/fullpage.sty) (/usr/local/lib/texmf/tex/latex2
e/packages/graphics/epsfig.sty
Package: epsfig 1996/04/11 v1.6 (e)psfig emulation (SPQR)
(/usr/local/lib/texmf/tex/latex2e/packages/graphics/graphicx.sty
Package: graphicx 1996/05/29 v1.0 Enhanced LaTeX Graphics (DPC,SPQR)
(/usr/local/lib/texmf/tex/latex2e/packages/graphics/keyval.sty
Package: keyval 1995/09/21 v1.09 key=value parser (DPC)
) (/usr/local/lib/texmf/tex/latex2e/packages/graphics/graphics.sty
Package: graphics 1996/05/29 v1.0 Standard LaTeX Graphics (DPC,SPQR)
(/usr/local/lib/texmf/tex/latex2e/packages/graphics/trig.sty
Package: trig 1994/10/16 v1.08 sin cos tan (DPC)
) (/usr/local/lib/texmf/tex/latex2e/packages/graphics/graphics.cfg)
Package graphics Info: Driver file: dvips.def on input line 82.
(/usr/local/lib/texmf/tex/latex2e/packages/graphics/dvips.def
File: dvips.def 1996/05/29 v3.00 Driver-dependant file (DPC,SPQR)
))
\Gin@req@height=\dimen103
\Gin@req@width=\dimen104
)
\epsfxsize=\dimen105
\epsfysize=\dimen106
)
\c@Prop=\count87
\c@Meth=\count88
\lthtmlwrite=\write3
\sizebox=\box26
(images.aux)
LaTeX Font Info:    Checking defaults for OML/cmm/m/it on input line 133.
LaTeX Font Info:    ... okay on input line 133.
LaTeX Font Info:    Checking defaults for T1/cmr/m/n on input line 133.
LaTeX Font Info:    ... okay on input line 133.
LaTeX Font Info:    Checking defaults for OT1/cmr/m/n on input line 133.
LaTeX Font Info:    ... okay on input line 133.
LaTeX Font Info:    Checking defaults for OMS/cmsy/m/n on input line 133.
LaTeX Font Info:    ... okay on input line 133.
LaTeX Font Info:    Checking defaults for OMX/cmex/m/n on input line 133.
LaTeX Font Info:    ... okay on input line 133.
LaTeX Font Info:    Checking defaults for U/cmr/m/n on input line 133.
LaTeX Font Info:    ... okay on input line 133.
File: dumps/demo.ps Graphic file (type eps)
<dumps/demo.ps> [1] (images.aux)

LaTeX Warning: Label(s) may have changed. Rerun to get cross-references right.

 ) 
Here is how much of TeX's memory you used:
 644 strings out of 10945
 6612 string characters out of 73271
 49558 words of memory out of 262141
 3511 multiletter control sequences out of 9500
 3940 words of font info for 15 fonts, out of 100000 for 255
 14 hyphenation exceptions out of 607
 32i,4n,21p,217b,284s stack positions out of 300i,40n,60p,3000b,4000s

Output written on images.dvi (1 page, 220 bytes).
